<?xml version="1.0" encoding="UTF-8"?>
<testng-results ignored="0" total="1" passed="1" failed="0" skipped="0">
  <reporter-output>
  </reporter-output>
  <suite started-at="2025-09-26T22:03:55 EET" name="Default suite" finished-at="2025-09-26T22:03:59 EET" duration-ms="4150">
    <groups>
    </groups>
    <test started-at="2025-09-26T22:03:55 EET" name="Default test" finished-at="2025-09-26T22:03:59 EET" duration-ms="4150">
      <class name="test.LoginTest">
        <test-method is-config="true" signature="setUp()[pri:0, instance:test.LoginTest@77fbd92c]" started-at="2025-09-26T22:03:55 EET" name="setUp" finished-at="2025-09-26T22:03:58 EET" duration-ms="3282" status="PASS">
          <reporter-output>
          </reporter-output>
        </test-method> <!-- setUp -->
        <test-method signature="testLoginPage()[pri:0, instance:test.LoginTest@77fbd92c]" started-at="2025-09-26T22:03:58 EET" name="testLoginPage" finished-at="2025-09-26T22:03:59 EET" duration-ms="602" status="PASS">
          <reporter-output>
          </reporter-output>
        </test-method> <!-- testLoginPage -->
        <test-method is-config="true" signature="tearDown()[pri:0, instance:test.LoginTest@77fbd92c]" started-at="2025-09-26T22:03:59 EET" name="tearDown" finished-at="2025-09-26T22:03:59 EET" duration-ms="218" status="PASS">
          <reporter-output>
          </reporter-output>
        </test-method> <!-- tearDown -->
      </class> <!-- test.LoginTest -->
    </test> <!-- Default test -->
  </suite> <!-- Default suite -->
</testng-results>
